<?xml version="1.0" encoding="UTF-8"?>
<!-- Generated by org.testng.reporters.JUnitReportReporter -->
<testsuite hostname="DESKTOP-AM69MFQ" failures="0" tests="5" name="Extend_Reporter.Report1" time="0.023" errors="0" timestamp="2023-10-04T14:31:03 IST" skipped="0">
  <testcase classname="Extend_Reporter.Report1" name="f1" time="0.015"/>
  <testcase classname="Extend_Reporter.Report1" name="f2" time="0.001"/>
  <testcase classname="Extend_Reporter.Report1" name="f3" time="0.002"/>
  <testcase classname="Extend_Reporter.Report1" name="f4" time="0.003"/>
  <testcase classname="Extend_Reporter.Report1" name="f5" time="0.002"/>
</testsuite> <!-- Extend_Reporter.Report1 -->
